\BOOKMARK [0][]{chapter*.1}{Foreword}{}% 1
\BOOKMARK [0][]{chapter*.2}{Pr\363logo}{}% 2
\BOOKMARK [0][]{chapter*.3}{Acknowledgements}{}% 3
\BOOKMARK [0][]{toc.0}{Contents}{}% 4
\BOOKMARK [0][]{chapter.1}{1 Introduction }{}% 5
\BOOKMARK [1][]{section.1.1}{1.1 Light scattering with matter}{chapter.1}% 6
\BOOKMARK [1][]{section.1.2}{1.2 Light scattering in complex media }{chapter.1}% 7
\BOOKMARK [1][]{section.1.3}{1.3 Light scattering in nonreciprocal media}{chapter.1}% 8
\BOOKMARK [1][]{section.1.4}{1.4 Thesis structure}{chapter.1}% 9
\BOOKMARK [0][]{chapter.2}{2 Topics in scattering theory }{}% 10
\BOOKMARK [1][]{section.2.1}{2.1 The Dyadic Green function}{chapter.2}% 11
\BOOKMARK [1][]{section.2.2}{2.2 Wave scattering by small particles}{chapter.2}% 12
\BOOKMARK [1][]{section.2.3}{2.3 Discrete Dipole Approximation}{chapter.2}% 13
\BOOKMARK [1][]{section.2.4}{2.4 Polarisability of small particles}{chapter.2}% 14
\BOOKMARK [2][]{subsection.2.4.1}{2.4.1 Polarisability of small anisotropic spherical particles}{section.2.4}% 15
\BOOKMARK [2][]{subsection.2.4.2}{2.4.2 Polarisability of resonant particles}{section.2.4}% 16
\BOOKMARK [2][]{subsection.2.4.3}{2.4.3 Absorption of small particles}{section.2.4}% 17
\BOOKMARK [1][]{section.2.5}{2.5 Dielectric tensor}{chapter.2}% 18
\BOOKMARK [1][]{section.2.6}{2.6 Dipole radiation}{chapter.2}% 19
\BOOKMARK [2][]{subsection.2.6.1}{2.6.1 Radiation in free space}{section.2.6}% 20
\BOOKMARK [2][]{subsection.2.6.2}{2.6.2 Dipole radiation in inhomogeneous environments: \040method I }{section.2.6}% 21
\BOOKMARK [2][]{subsection.2.6.3}{2.6.3 Dipole radiation in inhomogeneous environments: \040method II}{section.2.6}% 22
\BOOKMARK [2][]{subsection.2.6.4}{2.6.4 Local Density of states \(LDOS\)}{section.2.6}% 23
\BOOKMARK [1][]{section.2.7}{2.7 Summary}{chapter.2}% 24
\BOOKMARK [-1][]{part.1}{I Light scattering in nonreciprocal media}{}% 25
\BOOKMARK [0][]{chapter.3}{3 Mimicking electromagnetically induced transparency in the magneto-optical activity of magnetoplasmonic nanoresonators }{part.1}% 26
\BOOKMARK [1][]{section.3.1}{3.1 Introduction}{chapter.3}% 27
\BOOKMARK [1][]{section.3.2}{3.2 Coupled oscillators: mechanical and dipolar models}{chapter.3}% 28
\BOOKMARK [1][]{section.3.3}{3.3 Optical and magneto-optical response of nanoresonators }{chapter.3}% 29
\BOOKMARK [1][]{section.3.4}{3.4 Discussion}{chapter.3}% 30
\BOOKMARK [1][]{section.3.5}{3.5 Conclusion }{chapter.3}% 31
\BOOKMARK [0][]{chapter.4}{4 Interaction effects on the magneto-optical response of magnetoplasmonic dimers}{part.1}% 32
\BOOKMARK [1][]{section.4.1}{4.1 Introduction}{chapter.4}% 33
\BOOKMARK [1][]{section.4.2}{4.2 Analytical approach: two interacting dipoles}{chapter.4}% 34
\BOOKMARK [1][]{section.4.3}{4.3 Full numerical calculations and experimental results}{chapter.4}% 35
\BOOKMARK [1][]{section.4.4}{4.4 Conclusion}{chapter.4}% 36
\BOOKMARK [0][]{chapter.5}{5 Magnetically controlled optical nanoantennae}{part.1}% 37
\BOOKMARK [1][]{section.5.1}{5.1 Introduction}{chapter.5}% 38
\BOOKMARK [1][]{section.5.2}{5.2 Emitter in the presence of a single magneto-plasmonic nanoparticle}{chapter.5}% 39
\BOOKMARK [1][]{section.5.3}{5.3 Emitter inside of a two magneto-plasmonic nanoparticles cavity}{chapter.5}% 40
\BOOKMARK [1][]{section.5.4}{5.4 Conclusions}{chapter.5}% 41
\BOOKMARK [-1][]{part.2}{II Light scattering in disordered media}{}% 42
\BOOKMARK [0][]{chapter.6}{6 Effect of the long correlated disorder in the light emission statistics of a two dimensional dipole lattice}{part.2}% 43
\BOOKMARK [1][]{section.6.1}{6.1 Introduction}{chapter.6}% 44
\BOOKMARK [1][]{section.6.2}{6.2 Statement of the model }{chapter.6}% 45
\BOOKMARK [1][]{section.6.3}{6.3 Results and discussion }{chapter.6}% 46
\BOOKMARK [1][]{section.6.4}{6.4 Conclusion }{chapter.6}% 47
\BOOKMARK [0][]{chapter.7}{7 Self-diffusion and structural properties of confined fluids in dynamic coexistence}{part.2}% 48
\BOOKMARK [1][]{section.7.1}{7.1 Introduction}{chapter.7}% 49
\BOOKMARK [1][]{section.7.2}{7.2 Statement of the model}{chapter.7}% 50
\BOOKMARK [1][]{section.7.3}{7.3 Results and discussion}{chapter.7}% 51
\BOOKMARK [1][]{section.7.4}{7.4 Conclusion}{chapter.7}% 52
\BOOKMARK [0][]{chapter.8}{8 Light emission statistics in correlated random photonic nanostructures}{part.2}% 53
\BOOKMARK [1][]{section.8.1}{8.1 Introduction}{chapter.8}% 54
\BOOKMARK [1][]{section.8.2}{8.2 Statement of the model}{chapter.8}% 55
\BOOKMARK [1][]{section.8.3}{8.3 Results and discussion }{chapter.8}% 56
\BOOKMARK [1][]{section.8.4}{8.4 Conclusion}{chapter.8}% 57
\BOOKMARK [0][]{chapter.9}{9 Concluding remarks}{part.2}% 58
\BOOKMARK [0][]{appendix.A}{A Green Tensor}{part.2}% 59
\BOOKMARK [1][]{section.A.1}{A.1 Evaluation of the Imaginary part of the Green tensor at emitter position, \173G\(r0,r0\)\175}{appendix.A}% 60
\BOOKMARK [1][]{section.A.2}{A.2 Evaluation of the radiated power of a dipole in free space }{appendix.A}% 61
\BOOKMARK [1][]{section.A.3}{A.3 Dipole radiation in inhomogeneous environments}{appendix.A}% 62
\BOOKMARK [0][]{appendix.B}{B Optical theorem for anisotropic particles}{part.2}% 63
\BOOKMARK [0][]{appendix.C}{C Polarisability of an ellipsoidal particle}{part.2}% 64
\BOOKMARK [0][]{appendix.D}{D Coupled oscillators}{part.2}% 65
\BOOKMARK [1][]{section.D.1}{D.1 Spring-mass model }{appendix.D}% 66
\BOOKMARK [1][]{section.D.2}{D.2 Point dipole model}{appendix.D}% 67
\BOOKMARK [0][]{appendix.E}{E Radial distribution function}{part.2}% 68
\BOOKMARK [0][]{appendix.F}{F Conclusiones Generales}{part.2}% 69
\BOOKMARK [0][]{appendix.G}{G List of Publications}{part.2}% 70
\BOOKMARK [0][]{Item.6}{Bibliography}{part.2}% 71
